2026-04-05 22:14:45 | INFO | P5 | === RUN START ===
2026-04-05 22:14:45 | INFO | P5 | project=CINTEL
2026-04-05 22:14:45 | INFO | P5 | repo_dir=cintel-05-drift-detection
2026-04-05 22:14:45 | INFO | P5 | python=3.14.2
2026-04-05 22:14:45 | INFO | P5 | os=Windows 11
2026-04-05 22:14:45 | INFO | P5 | shell=powershell
2026-04-05 22:14:45 | INFO | P5 | cwd=.
2026-04-05 22:14:45 | INFO | P5 | github_actions=False
2026-04-05 22:14:45 | INFO | P5 | ========================
2026-04-05 22:14:45 | INFO | P5 | START main()
2026-04-05 22:14:45 | INFO | P5 | ========================
2026-04-05 22:14:45 | INFO | P5 | ROOT_DIR = .
2026-04-05 22:14:45 | INFO | P5 | REFERENCE_FILE = data\reference_metrics_case.csv
2026-04-05 22:14:45 | INFO | P5 | CURRENT_FILE = data\current_metrics_case.csv
2026-04-05 22:14:45 | INFO | P5 | OUTPUT_FILE = artifacts\drift_summary_case.csv
2026-04-05 22:14:45 | INFO | P5 | ARTIFACTS_DIR = artifacts
2026-04-05 22:14:45 | INFO | P5 | Loaded 10 reference records
2026-04-05 22:14:45 | INFO | P5 | Loaded 10 current records
2026-04-05 22:14:45 | INFO | P5 | Calculated summary differences and drift flags
2026-04-05 22:14:45 | INFO | P5 | Wrote drift summary file: C:\Repos\cintel-05-drift-detection\artifacts\drift_summary_case.csv
2026-04-05 22:14:45 | INFO | P5 | Drift summary dataframe:
2026-04-05 22:14:45 | INFO | P5 | shape: (1, 12)
┌─────────────────────┬─────────────────────┬─────────────────────┬────────────────────┬───┬────────────────────┬────────────────────┬────────────────────┬────────────────────┐
│ reference_avg_reque ┆ reference_avg_error ┆ reference_avg_laten ┆ current_avg_reques ┆ … ┆ latency_mean_diffe ┆ requests_is_drifti ┆ errors_is_drifting ┆ latency_is_driftin │
│ sts                 ┆ s                   ┆ cy_ms               ┆ ts                 ┆   ┆ rence_ms           ┆ ng_flag            ┆ _flag              ┆ g_flag             │
│ ---                 ┆ ---                 ┆ ---                 ┆ ---                ┆   ┆ ---                ┆ ---                ┆ ---                ┆ ---                │
│ f64                 ┆ f64                 ┆ f64                 ┆ f64                ┆   ┆ f64                ┆ bool               ┆ bool               ┆ bool               │
╞═════════════════════╪═════════════════════╪═════════════════════╪════════════════════╪═══╪════════════════════╪════════════════════╪════════════════════╪════════════════════╡
│ 128.3               ┆ 2.3                 ┆ 3835.0              ┆ 164.5              ┆ … ┆ 1835.0             ┆ true               ┆ true               ┆ true               │
└─────────────────────┴─────────────────────┴─────────────────────┴────────────────────┴───┴────────────────────┴────────────────────┴────────────────────┴────────────────────┘
2026-04-05 22:14:45 | INFO | P5 | Let's make that a bit nicer to read...
2026-04-05 22:14:45 | INFO | P5 | All remaining steps are about creating a nicer display.
2026-04-05 22:14:45 | INFO | P5 | ========================
2026-04-05 22:14:45 | INFO | P5 | Drift Detection Process: 
2026-04-05 22:14:45 | INFO | P5 | ========================
2026-04-05 22:14:45 | INFO | P5 | 1. Summarize each period with means.
2026-04-05 22:14:45 | INFO | P5 | 2. Compute difference of means.
2026-04-05 22:14:45 | INFO | P5 | 3. Flag drift if absolute difference of means exceeds a threshold.
2026-04-05 22:14:45 | INFO | P5 | ========================
2026-04-05 22:14:45 | INFO | P5 | Drift summary (one field per line):
2026-04-05 22:14:45 | INFO | P5 | reference_avg_requests: 128.3
2026-04-05 22:14:45 | INFO | P5 | reference_avg_errors: 2.3
2026-04-05 22:14:45 | INFO | P5 | reference_avg_latency_ms: 3835.0
2026-04-05 22:14:45 | INFO | P5 | current_avg_requests: 164.5
2026-04-05 22:14:45 | INFO | P5 | current_avg_errors: 6.3
2026-04-05 22:14:45 | INFO | P5 | current_avg_latency_ms: 5670.0
2026-04-05 22:14:45 | INFO | P5 | requests_mean_difference: 36.2
2026-04-05 22:14:45 | INFO | P5 | errors_mean_difference: 4.0
2026-04-05 22:14:45 | INFO | P5 | latency_mean_difference_ms: 1835.0
2026-04-05 22:14:45 | INFO | P5 | requests_is_drifting_flag: True
2026-04-05 22:14:45 | INFO | P5 | errors_is_drifting_flag: True
2026-04-05 22:14:45 | INFO | P5 | latency_is_drifting_flag: True
2026-04-05 22:14:45 | INFO | P5 | Wrote long summary file: C:\Repos\cintel-05-drift-detection\artifacts\drift_summary_long_case.csv
2026-04-05 22:14:45 | INFO | P5 | ========================
2026-04-05 22:14:45 | INFO | P5 | Pipeline executed successfully!
2026-04-05 22:14:45 | INFO | P5 | ========================
2026-04-05 22:14:45 | INFO | P5 | END main()
2026-04-06 13:26:47 | INFO | P5 | === RUN START ===
2026-04-06 13:26:47 | INFO | P5 | project=CINTEL
2026-04-06 13:26:47 | INFO | P5 | repo_dir=cintel-05-drift-detection
2026-04-06 13:26:47 | INFO | P5 | python=3.14.2
2026-04-06 13:26:47 | INFO | P5 | os=Windows 11
2026-04-06 13:26:47 | INFO | P5 | shell=powershell
2026-04-06 13:26:47 | INFO | P5 | cwd=.
2026-04-06 13:26:47 | INFO | P5 | github_actions=False
2026-04-06 13:26:47 | INFO | P5 | ========================
2026-04-06 13:26:47 | INFO | P5 | START main()
2026-04-06 13:26:47 | INFO | P5 | ========================
2026-04-06 13:26:47 | INFO | P5 | ROOT_DIR = .
2026-04-06 13:26:47 | INFO | P5 | REFERENCE_FILE = data\reference_metrics_case.csv
2026-04-06 13:26:47 | INFO | P5 | CURRENT_FILE = data\current_metrics_case.csv
2026-04-06 13:26:47 | INFO | P5 | OUTPUT_FILE = artifacts\drift_summary_abdellah.csv
2026-04-06 13:26:47 | INFO | P5 | SUMMARY_LONG_FILE = artifacts\drift_summary_long_abdellah.csv
2026-04-06 13:26:47 | INFO | P5 | ARTIFACTS_DIR = artifacts
2026-04-06 13:26:47 | INFO | P5 | Loaded 10 reference records
2026-04-06 13:26:47 | INFO | P5 | Loaded 10 current records
2026-04-06 13:26:47 | INFO | P5 | Calculated reference and current summary averages
2026-04-06 13:26:47 | INFO | P5 | Calculated differences, percent changes, and drift flags
2026-04-06 13:26:47 | INFO | P5 | Wrote drift summary file: C:\Repos\cintel-05-drift-detection\artifacts\drift_summary_abdellah.csv
2026-04-06 13:26:47 | INFO | P5 | Drift summary dataframe:
2026-04-06 13:26:47 | INFO | P5 | shape: (1, 16)
┌───────────────────┬───────────────────┬──────────────────┬──────────────────┬───┬──────────────────┬──────────────────┬──────────────────┬──────────────────┐
│ reference_avg_req ┆ reference_avg_err ┆ reference_avg_la ┆ current_avg_requ ┆ … ┆ requests_is_drif ┆ errors_is_drifti ┆ latency_is_drift ┆ overall_drift_fl │
│ uests             ┆ ors               ┆ tency_ms         ┆ ests             ┆   ┆ ting_flag        ┆ ng_flag          ┆ ing_flag         ┆ ag               │
│ ---               ┆ ---               ┆ ---              ┆ ---              ┆   ┆ ---              ┆ ---              ┆ ---              ┆ ---              │
│ f64               ┆ f64               ┆ f64              ┆ f64              ┆   ┆ bool             ┆ bool             ┆ bool             ┆ bool             │
╞═══════════════════╪═══════════════════╪══════════════════╪══════════════════╪═══╪══════════════════╪══════════════════╪══════════════════╪══════════════════╡
│ 128.3             ┆ 2.3               ┆ 3835.0           ┆ 164.5            ┆ … ┆ true             ┆ true             ┆ true             ┆ true             │
└───────────────────┴───────────────────┴──────────────────┴──────────────────┴───┴──────────────────┴──────────────────┴──────────────────┴──────────────────┘
2026-04-06 13:26:47 | INFO | P5 | ========================
2026-04-06 13:26:47 | INFO | P5 | Drift Detection Process
2026-04-06 13:26:47 | INFO | P5 | ========================
2026-04-06 13:26:47 | INFO | P5 | 1. Summarize each period with means.
2026-04-06 13:26:47 | INFO | P5 | 2. Compute differences between current and reference values.
2026-04-06 13:26:47 | INFO | P5 | 3. Compute percent changes for easier interpretation.
2026-04-06 13:26:47 | INFO | P5 | 4. Flag drift if differences exceed thresholds.
2026-04-06 13:26:47 | INFO | P5 | 5. Create an overall drift summary flag.
2026-04-06 13:26:47 | INFO | P5 | ========================
2026-04-06 13:26:47 | INFO | P5 | Drift summary (one field per line):
2026-04-06 13:26:47 | INFO | P5 | reference_avg_requests: 128.3
2026-04-06 13:26:47 | INFO | P5 | reference_avg_errors: 2.3
2026-04-06 13:26:47 | INFO | P5 | reference_avg_latency_ms: 3835.0
2026-04-06 13:26:47 | INFO | P5 | current_avg_requests: 164.5
2026-04-06 13:26:47 | INFO | P5 | current_avg_errors: 6.3
2026-04-06 13:26:47 | INFO | P5 | current_avg_latency_ms: 5670.0
2026-04-06 13:26:47 | INFO | P5 | requests_mean_difference: 36.2
2026-04-06 13:26:47 | INFO | P5 | errors_mean_difference: 4.0
2026-04-06 13:26:47 | INFO | P5 | latency_mean_difference_ms: 1835.0
2026-04-06 13:26:47 | INFO | P5 | requests_percent_change: 28.22
2026-04-06 13:26:47 | INFO | P5 | errors_percent_change: 173.91
2026-04-06 13:26:47 | INFO | P5 | latency_percent_change: 47.85
2026-04-06 13:26:47 | INFO | P5 | requests_is_drifting_flag: True
2026-04-06 13:26:47 | INFO | P5 | errors_is_drifting_flag: True
2026-04-06 13:26:47 | INFO | P5 | latency_is_drifting_flag: True
2026-04-06 13:26:47 | INFO | P5 | overall_drift_flag: True
2026-04-06 13:26:47 | INFO | P5 | Wrote long summary file: C:\Repos\cintel-05-drift-detection\artifacts\drift_summary_long_abdellah.csv
2026-04-06 13:26:47 | INFO | P5 | ========================
2026-04-06 13:26:47 | INFO | P5 | Pipeline executed successfully!
2026-04-06 13:26:47 | INFO | P5 | ========================
2026-04-06 13:26:47 | INFO | P5 | END main()
